<?xml version="1.0" encoding="UTF-8"?>
<!-- Generated by org.testng.reporters.JUnitReportReporter -->
<testsuite hostname="DESKTOP-9L3L5HQ" failures="0" tests="1" name="baseTest.BaseTest" time="6.381" errors="0" timestamp="2025-06-18T10:25:00 EEST" skipped="0">
  <testcase classname="baseTest.BaseTest" name="testBase" time="6.381"/>
</testsuite> <!-- baseTest.BaseTest -->
