<?xml version="1.0" encoding="UTF-8"?>
<!-- Generated by org.testng.reporters.JUnitReportReporter -->
<testsuite hostname="DESKTOP-9L3L5HQ" failures="0" tests="1" name="baseTest.LoginTest" time="10.994" errors="0" timestamp="2025-06-20T07:05:58 EEST" skipped="0">
  <testcase classname="baseTest.LoginTest" name="loginTest" time="10.994"/>
</testsuite> <!-- baseTest.LoginTest -->
